{"/Users/sam.torres/code/personal-projects/vue-google-jobs/src/components/MainNav.vue": {"path":"/Users/sam.torres/code/personal-projects/vue-google-jobs/src/components/MainNav.vue","statementMap":{"0":{"start":{"line":4,"column":0},"end":{"line":6,"column":3}},"1":{"start":{"line":7,"column":0},"end":{"line":7,"column":25}},"2":{"start":{"line":8,"column":15},"end":{"line":17,"column":1}},"3":{"start":{"line":11,"column":4},"end":{"line":15,"column":6}},"4":{"start":{"line":20,"column":0},"end":{"line":20,"column":13}},"5":{"start":{"line":22,"column":0},"end":{"line":24,"column":3}},"6":{"start":{"line":25,"column":0},"end":{"line":25,"column":24}},"7":{"start":{"line":26,"column":11},"end":{"line":26,"column":25}},"8":{"start":{"line":27,"column":19},"end":{"line":29,"column":1}},"9":{"start":{"line":30,"column":19},"end":{"line":32,"column":1}},"10":{"start":{"line":33,"column":19},"end":{"line":35,"column":1}},"11":{"start":{"line":36,"column":19},"end":{"line":36,"column":27}},"12":{"start":{"line":37,"column":19},"end":{"line":39,"column":1}},"13":{"start":{"line":40,"column":19},"end":{"line":42,"column":1}},"14":{"start":{"line":43,"column":19},"end":{"line":46,"column":1}},"15":{"start":{"line":48,"column":2},"end":{"line":58,"column":43}},"16":{"start":{"line":53,"column":4},"end":{"line":57,"column":103}},"17":{"start":{"line":59,"column":2},"end":{"line":59,"column":49}}},"fnMap":{"0":{"name":"(anonymous_0)","decl":{"start":{"line":10,"column":2},"end":{"line":10,"column":3}},"loc":{"start":{"line":10,"column":9},"end":{"line":16,"column":3}},"line":10},"1":{"name":"render","decl":{"start":{"line":47,"column":9},"end":{"line":47,"column":15}},"loc":{"start":{"line":47,"column":30},"end":{"line":59,"column":1}},"line":47},"2":{"name":"(anonymous_2)","decl":{"start":{"line":52,"column":295},"end":{"line":52,"column":296}},"loc":{"start":{"line":52,"column":303},"end":{"line":58,"column":3}},"line":52}},"branchMap":{},"s":{"0":1,"1":1,"2":1,"3":2,"4":1,"5":1,"6":1,"7":1,"8":1,"9":1,"10":1,"11":1,"12":1,"13":1,"14":1,"15":2,"16":12,"17":1},"f":{"0":2,"1":2,"2":12},"b":{},"inputSourceMap":{"0":"{","1":"\"","2":"v","3":"e","4":"r","5":"s","6":"i","7":"o","8":"n","9":"\"","10":":","11":"3","12":",","13":"\"","14":"s","15":"o","16":"u","17":"r","18":"c","19":"e","20":"s","21":"\"","22":":","23":"[","24":"\"","25":"/","26":"U","27":"s","28":"e","29":"r","30":"s","31":"/","32":"s","33":"a","34":"m","35":".","36":"t","37":"o","38":"r","39":"r","40":"e","41":"s","42":"/","43":"c","44":"o","45":"d","46":"e","47":"/","48":"p","49":"e","50":"r","51":"s","52":"o","53":"n","54":"a","55":"l","56":"-","57":"p","58":"r","59":"o","60":"j","61":"e","62":"c","63":"t","64":"s","65":"/","66":"v","67":"u","68":"e","69":"-","70":"g","71":"o","72":"o","73":"g","74":"l","75":"e","76":"-","77":"j","78":"o","79":"b","80":"s","81":"/","82":"s","83":"r","84":"c","85":"/","86":"c","87":"o","88":"m","89":"p","90":"o","91":"n","92":"e","93":"n","94":"t","95":"s","96":"/","97":"M","98":"a","99":"i","100":"n","101":"N","102":"a","103":"v","104":".","105":"v","106":"u","107":"e","108":"\"","109":"]","110":",","111":"\"","112":"n","113":"a","114":"m","115":"e","116":"s","117":"\"","118":":","119":"[","120":"]","121":",","122":"\"","123":"m","124":"a","125":"p","126":"p","127":"i","128":"n","129":"g","130":"s","131":"\"","132":":","133":"\"","134":";","135":";","136":";","137":";","138":";","139":";","140":";","141":"e","142":"A","143":"8","144":"B","145":"e","146":";","147":"E","148":"A","149":"C","150":"b","151":",","152":"I","153":"A","154":"A","155":"I","156":",","157":"E","158":"A","159":"A","160":"E","161":",","162":"S","163":"A","164":"A","165":"S","166":";","167":"E","168":"A","169":"C","170":"f","171":",","172":"I","173":"A","174":"A","175":"I","176":",","177":"G","178":"A","179":"A","180":"G","181":";","182":"I","183":"A","184":"C","185":"L","186":",","187":"O","188":"A","189":"A","190":"O","191":";","192":"M","193":"A","194":"C","195":"L","196":",","197":"W","198":"A","199":"A","200":"W","201":",","202":"E","203":"A","204":"A","205":"E","206":",","207":"g","208":"B","209":"A","210":"A","211":"g","212":"B","213":";","214":"M","215":"A","216":"C","217":"7","218":"B","219":",","220":"G","221":"A","222":"A","223":"G","224":",","225":"E","226":"A","227":"A","228":"E","229":",","230":"4","231":"B","232":"A","233":"A","234":"4","235":"B","236":";","237":"M","238":"A","239":"C","240":"j","241":"C","242":",","243":"Q","244":"A","245":"A","246":"Q","247":",","248":"E","249":"A","250":"A","251":"E","252":",","253":"C","254":"A","255":"C","256":"R","257":",","258":"O","259":"A","260":"A","261":"O","262":",","263":"E","264":"A","265":"C","266":"P","267":",","268":"W","269":"A","270":"A","271":"W","272":",","273":"E","274":"A","275":"C","276":"X","277":",","278":"m","279":"B","280":"A","281":"A","282":"m","283":"B","284":",","285":"E","286":"A","287":"C","288":"n","289":"B","290":",","291":"a","292":"A","293":"A","294":"a","295":",","296":"E","297":"A","298":"C","299":"b","300":",","301":"U","302":"A","303":"A","304":"U","305":",","306":"E","307":"A","308":"C","309":"V","310":",","311":"M","312":"A","313":"A","314":"M","315":";","316":"I","317":"A","318":"E","319":"V","320":",","321":"C","322":"A","323":"A","324":"C","325":";","326":"E","327":"A","328":"C","329":"H","330":";","331":"A","332":"A","333":"C","334":"F","335":",","336":"C","337":"A","338":"A","339":"C","340":";","341":"A","342":"A","343":"A","344":"A","345":";","346":"A","347":"A","348":"A","349":"A","350":"\"","351":",","352":"\"","353":"f","354":"i","355":"l","356":"e","357":"\"","358":":","359":"\"","360":"/","361":"U","362":"s","363":"e","364":"r","365":"s","366":"/","367":"s","368":"a","369":"m","370":".","371":"t","372":"o","373":"r","374":"r","375":"e","376":"s","377":"/","378":"c","379":"o","380":"d","381":"e","382":"/","383":"p","384":"e","385":"r","386":"s","387":"o","388":"n","389":"a","390":"l","391":"-","392":"p","393":"r","394":"o","395":"j","396":"e","397":"c","398":"t","399":"s","400":"/","401":"v","402":"u","403":"e","404":"-","405":"g","406":"o","407":"o","408":"g","409":"l","410":"e","411":"-","412":"j","413":"o","414":"b","415":"s","416":"/","417":"s","418":"r","419":"c","420":"/","421":"c","422":"o","423":"m","424":"p","425":"o","426":"n","427":"e","428":"n","429":"t","430":"s","431":"/","432":"M","433":"a","434":"i","435":"n","436":"N","437":"a","438":"v","439":".","440":"v","441":"u","442":"e","443":"\"","444":",","445":"\"","446":"s","447":"o","448":"u","449":"r","450":"c","451":"e","452":"s","453":"C","454":"o","455":"n","456":"t","457":"e","458":"n","459":"t","460":"\"","461":":","462":"[","463":"\"","464":"<","465":"t","466":"e","467":"m","468":"p","469":"l","470":"a","471":"t","472":"e","473":">","474":"\\","475":"n","476":" ","477":" ","478":"<","479":"h","480":"e","481":"a","482":"d","483":"e","484":"r","485":" ","486":"c","487":"l","488":"a","489":"s","490":"s","491":"=","492":"\\","493":"\"","494":"w","495":"-","496":"f","497":"u","498":"l","499":"l","500":" ","501":"t","502":"e","503":"x","504":"t","505":"-","506":"s","507":"m","508":"\\","509":"\"","510":">","511":"\\","512":"n","513":" ","514":" ","515":" ","516":" ","517":"<","518":"d","519":"i","520":"v","521":" ","522":"c","523":"l","524":"a","525":"s","526":"s","527":"=","528":"\\","529":"\"","530":"f","531":"i","532":"x","533":"e","534":"d","535":" ","536":"t","537":"o","538":"p","539":"-","540":"0","541":" ","542":"l","543":"e","544":"f","545":"t","546":"-","547":"0","548":" ","549":"w","550":"-","551":"f","552":"u","553":"l","554":"l","555":" ","556":"h","557":"-","558":"1","559":"6","560":" ","561":"b","562":"g","563":"-","564":"w","565":"h","566":"i","567":"t","568":"e","569":"\\","570":"\"","571":">","572":"\\","573":"n","574":" ","575":" ","576":" ","577":" ","578":" ","579":" ","580":"<","581":"d","582":"i","583":"v","584":"\\","585":"n","586":" ","587":" ","588":" ","589":" ","590":" ","591":" ","592":" ","593":" ","594":"c","595":"l","596":"a","597":"s","598":"s","599":"=","600":"\\","601":"\"","602":"f","603":"l","604":"e","605":"x","606":" ","607":"f","608":"l","609":"e","610":"x","611":"-","612":"n","613":"o","614":"w","615":"r","616":"a","617":"p","618":" ","619":"h","620":"-","621":"f","622":"u","623":"l","624":"l","625":" ","626":"p","627":"x","628":"-","629":"8","630":" ","631":"m","632":"x","633":"-","634":"a","635":"u","636":"t","637":"o","638":" ","639":"b","640":"o","641":"r","642":"d","643":"e","644":"r","645":"-","646":"b","647":" ","648":"b","649":"o","650":"r","651":"d","652":"e","653":"r","654":"-","655":"s","656":"o","657":"l","658":"i","659":"d","660":" ","661":"b","662":"o","663":"r","664":"d","665":"e","666":"r","667":"-","668":"b","669":"r","670":"a","671":"n","672":"d","673":"-","674":"g","675":"r","676":"a","677":"y","678":"-","679":"1","680":"\\","681":"\"","682":"\\","683":"n","684":" ","685":" ","686":" ","687":" ","688":" ","689":" ","690":">","691":"\\","692":"n","693":" ","694":" ","695":" ","696":" ","697":" ","698":" ","699":" ","700":" ","701":"<","702":"a","703":"\\","704":"n","705":" ","706":" ","707":" ","708":" ","709":" ","710":" ","711":" ","712":" ","713":" ","714":" ","715":":","716":"h","717":"r","718":"e","719":"f","720":"=","721":"\\","722":"\"","723":"u","724":"r","725":"l","726":"\\","727":"\"","728":"\\","729":"n","730":" ","731":" ","732":" ","733":" ","734":" ","735":" ","736":" ","737":" ","738":" ","739":" ","740":"c","741":"l","742":"a","743":"s","744":"s","745":"=","746":"\\","747":"\"","748":"f","749":"l","750":"e","751":"x","752":" ","753":"i","754":"t","755":"e","756":"m","757":"s","758":"-","759":"c","760":"e","761":"n","762":"t","763":"e","764":"r","765":" ","766":"h","767":"-","768":"f","769":"u","770":"l","771":"l","772":" ","773":"t","774":"e","775":"x","776":"t","777":"-","778":"x","779":"l","780":"\\","781":"\"","782":"\\","783":"n","784":" ","785":" ","786":" ","787":" ","788":" ","789":" ","790":" ","791":" ","792":" ","793":" ","794":"t","795":"a","796":"r","797":"g","798":"e","799":"t","800":"=","801":"\\","802":"\"","803":"_","804":"b","805":"l","806":"a","807":"n","808":"k","809":"\\","810":"\"","811":"\\","812":"n","813":" ","814":" ","815":" ","816":" ","817":" ","818":" ","819":" ","820":" ","821":" ","822":" ","823":">","824":"{","825":"{","826":" ","827":"c","828":"o","829":"m","830":"p","831":"a","832":"n","833":"y","834":"N","835":"a","836":"m","837":"e","838":" ","839":"}","840":"}","841":"<","842":"/","843":"a","844":"\\","845":"n","846":" ","847":" ","848":" ","849":" ","850":" ","851":" ","852":" ","853":" ","854":">","855":"\\","856":"n","857":" ","858":" ","859":" ","860":" ","861":" ","862":" ","863":" ","864":" ","865":"<","866":"n","867":"a","868":"v","869":" ","870":"c","871":"l","872":"a","873":"s","874":"s","875":"=","876":"\\","877":"\"","878":"h","879":"-","880":"f","881":"u","882":"l","883":"l","884":" ","885":"m","886":"l","887":"-","888":"1","889":"2","890":"\\","891":"\"","892":">","893":"\\","894":"n","895":" ","896":" ","897":" ","898":" ","899":" ","900":" ","901":" ","902":" ","903":" ","904":" ","905":"<","906":"u","907":"l","908":" ","909":"c","910":"l","911":"a","912":"s","913":"s","914":"=","915":"\\","916":"\"","917":"f","918":"l","919":"e","920":"x","921":" ","922":"h","923":"-","924":"f","925":"u","926":"l","927":"l","928":" ","929":"p","930":"-","931":"0","932":" ","933":"m","934":"-","935":"0","936":" ","937":"l","938":"i","939":"s","940":"t","941":"-","942":"n","943":"o","944":"n","945":"e","946":"\\","947":"\"","948":">","949":"\\","950":"n","951":" ","952":" ","953":" ","954":" ","955":" ","956":" ","957":" ","958":" ","959":" ","960":" ","961":" ","962":" ","963":"<","964":"l","965":"i","966":"\\","967":"n","968":" ","969":" ","970":" ","971":" ","972":" ","973":" ","974":" ","975":" ","976":" ","977":" ","978":" ","979":" ","980":" ","981":" ","982":"v","983":"-","984":"f","985":"o","986":"r","987":"=","988":"\\","989":"\"","990":"i","991":"t","992":"e","993":"m","994":" ","995":"i","996":"n","997":" ","998":"n","999":"a","1000":"v","1001":"I","1002":"t","1003":"e","1004":"m","1005":"s","1006":"\\","1007":"\"","1008":"\\","1009":"n","1010":" ","1011":" ","1012":" ","1013":" ","1014":" ","1015":" ","1016":" ","1017":" ","1018":" ","1019":" ","1020":" ","1021":" ","1022":" ","1023":" ","1024":":","1025":"k","1026":"e","1027":"y","1028":"=","1029":"\\","1030":"\"","1031":"i","1032":"t","1033":"e","1034":"m","1035":"\\","1036":"\"","1037":"\\","1038":"n","1039":" ","1040":" ","1041":" ","1042":" ","1043":" ","1044":" ","1045":" ","1046":" ","1047":" ","1048":" ","1049":" ","1050":" ","1051":" ","1052":" ","1053":"c","1054":"l","1055":"a","1056":"s","1057":"s","1058":"=","1059":"\\","1060":"\"","1061":"h","1062":"-","1063":"f","1064":"u","1065":"l","1066":"l","1067":" ","1068":"m","1069":"l","1070":"-","1071":"9","1072":" ","1073":"f","1074":"i","1075":"r","1076":"s","1077":"t","1078":":","1079":"m","1080":"l","1081":"-","1082":"0","1083":"\\","1084":"\"","1085":"\\","1086":"n","1087":" ","1088":" ","1089":" ","1090":" ","1091":" ","1092":" ","1093":" ","1094":" ","1095":" ","1096":" ","1097":" ","1098":" ","1099":" ","1100":" ","1101":"d","1102":"a","1103":"t","1104":"a","1105":"-","1106":"t","1107":"e","1108":"s","1109":"t","1110":"=","1111":"\\","1112":"\"","1113":"m","1114":"a","1115":"i","1116":"n","1117":"-","1118":"n","1119":"a","1120":"v","1121":"-","1122":"i","1123":"t","1124":"e","1125":"m","1126":"s","1127":"\\","1128":"\"","1129":"\\","1130":"n","1131":" ","1132":" ","1133":" ","1134":" ","1135":" ","1136":" ","1137":" ","1138":" ","1139":" ","1140":" ","1141":" ","1142":" ","1143":">","1144":"\\","1145":"n","1146":" ","1147":" ","1148":" ","1149":" ","1150":" ","1151":" ","1152":" ","1153":" ","1154":" ","1155":" ","1156":" ","1157":" ","1158":" ","1159":" ","1160":"<","1161":"a","1162":" ","1163":"h","1164":"r","1165":"e","1166":"f","1167":"=","1168":"\\","1169":"\"","1170":"\\","1171":"\"","1172":" ","1173":"c","1174":"l","1175":"a","1176":"s","1177":"s","1178":"=","1179":"\\","1180":"\"","1181":"f","1182":"l","1183":"e","1184":"x","1185":" ","1186":"i","1187":"t","1188":"e","1189":"m","1190":"s","1191":"-","1192":"c","1193":"e","1194":"n","1195":"t","1196":"e","1197":"r","1198":" ","1199":"h","1200":"-","1201":"f","1202":"u","1203":"l","1204":"l","1205":" ","1206":"p","1207":"y","1208":"-","1209":"3","1210":"\\","1211":"\"","1212":">","1213":"{","1214":"{","1215":" ","1216":"i","1217":"t","1218":"e","1219":"m","1220":" ","1221":"}","1222":"}","1223":"<","1224":"/","1225":"a","1226":">","1227":"\\","1228":"n","1229":" ","1230":" ","1231":" ","1232":" ","1233":" ","1234":" ","1235":" ","1236":" ","1237":" ","1238":" ","1239":" ","1240":" ","1241":"<","1242":"/","1243":"l","1244":"i","1245":">","1246":"\\","1247":"n","1248":" ","1249":" ","1250":" ","1251":" ","1252":" ","1253":" ","1254":" ","1255":" ","1256":" ","1257":" ","1258":"<","1259":"/","1260":"u","1261":"l","1262":">","1263":"\\","1264":"n","1265":" ","1266":" ","1267":" ","1268":" ","1269":" ","1270":" ","1271":" ","1272":" ","1273":"<","1274":"/","1275":"n","1276":"a","1277":"v","1278":">","1279":"\\","1280":"n","1281":" ","1282":" ","1283":" ","1284":" ","1285":" ","1286":" ","1287":"<","1288":"/","1289":"d","1290":"i","1291":"v","1292":">","1293":"\\","1294":"n","1295":" ","1296":" ","1297":" ","1298":" ","1299":"<","1300":"/","1301":"d","1302":"i","1303":"v","1304":">","1305":"\\","1306":"n","1307":" ","1308":" ","1309":"<","1310":"/","1311":"h","1312":"e","1313":"a","1314":"d","1315":"e","1316":"r","1317":">","1318":"\\","1319":"n","1320":"<","1321":"/","1322":"t","1323":"e","1324":"m","1325":"p","1326":"l","1327":"a","1328":"t","1329":"e","1330":">","1331":"\\","1332":"n","1333":"\\","1334":"n","1335":"<","1336":"s","1337":"c","1338":"r","1339":"i","1340":"p","1341":"t","1342":">","1343":"\\","1344":"n","1345":"e","1346":"x","1347":"p","1348":"o","1349":"r","1350":"t","1351":" ","1352":"d","1353":"e","1354":"f","1355":"a","1356":"u","1357":"l","1358":"t","1359":" ","1360":"{","1361":"\\","1362":"n","1363":" ","1364":" ","1365":"n","1366":"a","1367":"m","1368":"e","1369":":","1370":" ","1371":"'","1372":"M","1373":"a","1374":"i","1375":"n","1376":"N","1377":"a","1378":"v","1379":"'","1380":",","1381":"\\","1382":"n","1383":" ","1384":" ","1385":"d","1386":"a","1387":"t","1388":"a","1389":"(","1390":")","1391":" ","1392":"{","1393":"\\","1394":"n","1395":" ","1396":" ","1397":" ","1398":" ","1399":"r","1400":"e","1401":"t","1402":"u","1403":"r","1404":"n","1405":" ","1406":"{","1407":"\\","1408":"n","1409":" ","1410":" ","1411":" ","1412":" ","1413":" ","1414":" ","1415":"c","1416":"o","1417":"m","1418":"p","1419":"a","1420":"n","1421":"y","1422":"N","1423":"a","1424":"m","1425":"e","1426":":","1427":" ","1428":"'","1429":"T","1430":"o","1431":"r","1432":"r","1433":"e","1434":"s","1435":" ","1436":"C","1437":"a","1438":"r","1439":"e","1440":"e","1441":"r","1442":"s","1443":"'","1444":",","1445":"\\","1446":"n","1447":" ","1448":" ","1449":" ","1450":" ","1451":" ","1452":" ","1453":"u","1454":"r","1455":"l","1456":":","1457":" ","1458":"'","1459":"h","1460":"t","1461":"t","1462":"p","1463":"s","1464":":","1465":"/","1466":"/","1467":"c","1468":"a","1469":"r","1470":"e","1471":"e","1472":"r","1473":"s","1474":".","1475":"g","1476":"o","1477":"o","1478":"g","1479":"l","1480":"e","1481":".","1482":"c","1483":"o","1484":"m","1485":"'","1486":",","1487":"\\","1488":"n","1489":" ","1490":" ","1491":" ","1492":" ","1493":" ","1494":" ","1495":"n","1496":"a","1497":"v","1498":"I","1499":"t","1500":"e","1501":"m","1502":"s","1503":":","1504":" ","1505":"[","1506":"\\","1507":"n","1508":" ","1509":" ","1510":" ","1511":" ","1512":" ","1513":" ","1514":" ","1515":" ","1516":"'","1517":"T","1518":"e","1519":"a","1520":"m","1521":"s","1522":"'","1523":",","1524":"\\","1525":"n","1526":" ","1527":" ","1528":" ","1529":" ","1530":" ","1531":" ","1532":" ","1533":" ","1534":"'","1535":"L","1536":"o","1537":"c","1538":"a","1539":"t","1540":"i","1541":"o","1542":"n","1543":"s","1544":"'","1545":",","1546":"\\","1547":"n","1548":" ","1549":" ","1550":" ","1551":" ","1552":" ","1553":" ","1554":" ","1555":" ","1556":"'","1557":"L","1558":"i","1559":"f","1560":"e","1561":" ","1562":"a","1563":"t","1564":" ","1565":"T","1566":"o","1567":"r","1568":"r","1569":"e","1570":"s","1571":" ","1572":"C","1573":"o","1574":"'","1575":",","1576":"\\","1577":"n","1578":" ","1579":" ","1580":" ","1581":" ","1582":" ","1583":" ","1584":" ","1585":" ","1586":"'","1587":"H","1588":"o","1589":"w","1590":" ","1591":"w","1592":"e","1593":" ","1594":"h","1595":"i","1596":"r","1597":"e","1598":"'","1599":",","1600":"\\","1601":"n","1602":" ","1603":" ","1604":" ","1605":" ","1606":" ","1607":" ","1608":" ","1609":" ","1610":"'","1611":"S","1612":"t","1613":"u","1614":"d","1615":"e","1616":"n","1617":"t","1618":"s","1619":"'","1620":",","1621":"\\","1622":"n","1623":" ","1624":" ","1625":" ","1626":" ","1627":" ","1628":" ","1629":" ","1630":" ","1631":"'","1632":"J","1633":"o","1634":"b","1635":"s","1636":"'","1637":",","1638":"\\","1639":"n","1640":" ","1641":" ","1642":" ","1643":" ","1644":" ","1645":" ","1646":"]","1647":",","1648":"\\","1649":"n","1650":" ","1651":" ","1652":" ","1653":" ","1654":"}","1655":";","1656":"\\","1657":"n","1658":" ","1659":" ","1660":"}","1661":",","1662":"\\","1663":"n","1664":"}","1665":";","1666":"\\","1667":"n","1668":"<","1669":"/","1670":"s","1671":"c","1672":"r","1673":"i","1674":"p","1675":"t","1676":">","1677":"\\","1678":"n","1679":"\\","1680":"n","1681":"<","1682":"s","1683":"t","1684":"y","1685":"l","1686":"e","1687":" ","1688":"s","1689":"c","1690":"o","1691":"p","1692":"e","1693":"d","1694":">","1695":"<","1696":"/","1697":"s","1698":"t","1699":"y","1700":"l","1701":"e","1702":">","1703":"\\","1704":"n","1705":"\"","1706":"]","1707":"}"},"_coverageSchema":"1a1c01bbd47fc00a2c39e90264f33305004495a9","hash":"f563048363281d9ded55d1bc427af7b2b0f4400b"}
}
