{"/Users/sam.torres/code/personal-projects/vue-google-jobs/src/components/MainNav.vue": {"path":"/Users/sam.torres/code/personal-projects/vue-google-jobs/src/components/MainNav.vue","statementMap":{"0":{"start":{"line":4,"column":0},"end":{"line":6,"column":3}},"1":{"start":{"line":7,"column":0},"end":{"line":7,"column":25}},"2":{"start":{"line":8,"column":15},"end":{"line":17,"column":1}},"3":{"start":{"line":11,"column":4},"end":{"line":15,"column":6}},"4":{"start":{"line":20,"column":0},"end":{"line":20,"column":13}},"5":{"start":{"line":22,"column":0},"end":{"line":24,"column":3}},"6":{"start":{"line":25,"column":0},"end":{"line":25,"column":24}},"7":{"start":{"line":26,"column":11},"end":{"line":26,"column":25}},"8":{"start":{"line":27,"column":19},"end":{"line":29,"column":1}},"9":{"start":{"line":30,"column":19},"end":{"line":32,"column":1}},"10":{"start":{"line":33,"column":19},"end":{"line":35,"column":1}},"11":{"start":{"line":36,"column":19},"end":{"line":36,"column":27}},"12":{"start":{"line":37,"column":19},"end":{"line":39,"column":1}},"13":{"start":{"line":40,"column":19},"end":{"line":42,"column":1}},"14":{"start":{"line":43,"column":19},"end":{"line":46,"column":1}},"15":{"start":{"line":48,"column":2},"end":{"line":58,"column":43}},"16":{"start":{"line":53,"column":4},"end":{"line":57,"column":103}},"17":{"start":{"line":59,"column":2},"end":{"line":59,"column":49}}},"fnMap":{"0":{"name":"(anonymous_0)","decl":{"start":{"line":10,"column":2},"end":{"line":10,"column":3}},"loc":{"start":{"line":10,"column":9},"end":{"line":16,"column":3}},"line":10},"1":{"name":"render","decl":{"start":{"line":47,"column":9},"end":{"line":47,"column":15}},"loc":{"start":{"line":47,"column":30},"end":{"line":59,"column":1}},"line":47},"2":{"name":"(anonymous_2)","decl":{"start":{"line":52,"column":295},"end":{"line":52,"column":296}},"loc":{"start":{"line":52,"column":303},"end":{"line":58,"column":3}},"line":52}},"branchMap":{},"s":{"0":1,"1":1,"2":1,"3":2,"4":1,"5":1,"6":1,"7":1,"8":1,"9":1,"10":1,"11":1,"12":1,"13":1,"14":1,"15":2,"16":12,"17":1},"f":{"0":2,"1":2,"2":12},"b":{},"inputSourceMap":{"0":"{","1":"\"","2":"v","3":"e","4":"r","5":"s","6":"i","7":"o","8":"n","9":"\"","10":":","11":"3","12":",","13":"\"","14":"s","15":"o","16":"u","17":"r","18":"c","19":"e","20":"s","21":"\"","22":":","23":"[","24":"\"","25":"/","26":"U","27":"s","28":"e","29":"r","30":"s","31":"/","32":"s","33":"a","34":"m","35":".","36":"t","37":"o","38":"r","39":"r","40":"e","41":"s","42":"/","43":"c","44":"o","45":"d","46":"e","47":"/","48":"p","49":"e","50":"r","51":"s","52":"o","53":"n","54":"a","55":"l","56":"-","57":"p","58":"r","59":"o","60":"j","61":"e","62":"c","63":"t","64":"s","65":"/","66":"v","67":"u","68":"e","69":"-","70":"g","71":"o","72":"o","73":"g","74":"l","75":"e","76":"-","77":"j","78":"o","79":"b","80":"s","81":"/","82":"s","83":"r","84":"c","85":"/","86":"c","87":"o","88":"m","89":"p","90":"o","91":"n","92":"e","93":"n","94":"t","95":"s","96":"/","97":"M","98":"a","99":"i","100":"n","101":"N","102":"a","103":"v","104":".","105":"v","106":"u","107":"e","108":"\"","109":"]","110":",","111":"\"","112":"n","113":"a","114":"m","115":"e","116":"s","117":"\"","118":":","119":"[","120":"]","121":",","122":"\"","123":"m","124":"a","125":"p","126":"p","127":"i","128":"n","129":"g","130":"s","131":"\"","132":":","133":"\"","134":";","135":";","136":";","137":";","138":";","139":";","140":";","141":"e","142":"A","143":"8","144":"B","145":"e","146":";","147":"E","148":"A","149":"C","150":"b","151":",","152":"I","153":"A","154":"A","155":"I","156":",","157":"E","158":"A","159":"A","160":"E","161":",","162":"S","163":"A","164":"A","165":"S","166":";","167":"E","168":"A","169":"C","170":"f","171":",","172":"I","173":"A","174":"A","175":"I","176":",","177":"G","178":"A","179":"A","180":"G","181":";","182":"I","183":"A","184":"C","185":"L","186":",","187":"O","188":"A","189":"A","190":"O","191":";","192":"M","193":"A","194":"C","195":"L","196":",","197":"W","198":"A","199":"A","200":"W","201":",","202":"E","203":"A","204":"A","205":"E","206":",","207":"g","208":"B","209":"A","210":"A","211":"g","212":"B","213":";","214":"M","215":"A","216":"C","217":"7","218":"B","219":",","220":"G","221":"A","222":"A","223":"G","224":",","225":"E","226":"A","227":"A","228":"E","229":",","230":"4","231":"B","232":"A","233":"A","234":"4","235":"B","236":";","237":"M","238":"A","239":"C","240":"j","241":"C","242":",","243":"Q","244":"A","245":"A","246":"Q","247":",","248":"E","249":"A","250":"A","251":"E","252":",","253":"C","254":"A","255":"C","256":"R","257":",","258":"O","259":"A","260":"A","261":"O","262":",","263":"E","264":"A","265":"C","266":"P","267":",","268":"W","269":"A","270":"A","271":"W","272":",","273":"E","274":"A","275":"C","276":"X","277":",","278":"m","279":"B","280":"A","281":"A","282":"m","283":"B","284":",","285":"E","286":"A","287":"C","288":"n","289":"B","290":",","291":"a","292":"A","293":"A","294":"a","295":",","296":"E","297":"A","298":"C","299":"b","300":",","301":"U","302":"A","303":"A","304":"U","305":",","306":"E","307":"A","308":"C","309":"V","310":",","311":"M","312":"A","313":"A","314":"M","315":";","316":"I","317":"A","318":"E","319":"V","320":",","321":"C","322":"A","323":"A","324":"C","325":";","326":"E","327":"A","328":"C","329":"H","330":";","331":"A","332":"A","333":"C","334":"F","335":",","336":"C","337":"A","338":"A","339":"C","340":";","341":"A","342":"A","343":"A","344":"A","345":";","346":"A","347":"A","348":"A","349":"A","350":"\"","351":",","352":"\"","353":"f","354":"i","355":"l","356":"e","357":"\"","358":":","359":"\"","360":"/","361":"U","362":"s","363":"e","364":"r","365":"s","366":"/","367":"s","368":"a","369":"m","370":".","371":"t","372":"o","373":"r","374":"r","375":"e","376":"s","377":"/","378":"c","379":"o","380":"d","381":"e","382":"/","383":"p","384":"e","385":"r","386":"s","387":"o","388":"n","389":"a","390":"l","391":"-","392":"p","393":"r","394":"o","395":"j","396":"e","397":"c","398":"t","399":"s","400":"/","401":"v","402":"u","403":"e","404":"-","405":"g","406":"o","407":"o","408":"g","409":"l","410":"e","411":"-","412":"j","413":"o","414":"b","415":"s","416":"/","417":"s","418":"r","419":"c","420":"/","421":"c","422":"o","423":"m","424":"p","425":"o","426":"n","427":"e","428":"n","429":"t","430":"s","431":"/","432":"M","433":"a","434":"i","435":"n","436":"N","437":"a","438":"v","439":".","440":"v","441":"u","442":"e","443":"\"","444":",","445":"\"","446":"s","447":"o","448":"u","449":"r","450":"c","451":"e","452":"s","453":"C","454":"o","455":"n","456":"t","457":"e","458":"n","459":"t","460":"\"","461":":","462":"[","463":"\"","464":"<","465":"t","466":"e","467":"m","468":"p","469":"l","470":"a","471":"t","472":"e","473":">","474":"\\","475":"n","476":" ","477":" ","478":"<","479":"h","480":"e","481":"a","482":"d","483":"e","484":"r","485":" ","486":"c","487":"l","488":"a","489":"s","490":"s","491":"=","492":"\\","493":"\"","494":"w","495":"-","496":"f","497":"u","498":"l","499":"l","500":" ","501":"t","502":"e","503":"x","504":"t","505":"-","506":"s","507":"m","508":"\\","509":"\"","510":">","511":"\\","512":"n","513":" ","514":" ","515":" ","516":" ","517":"<","518":"d","519":"i","520":"v","521":" ","522":"c","523":"l","524":"a","525":"s","526":"s","527":"=","528":"\\","529":"\"","530":"f","531":"i","532":"x","533":"e","534":"d","535":" ","536":"t","537":"o","538":"p","539":"-","540":"0","541":" ","542":"l","543":"e","544":"f","545":"t","546":"-","547":"0","548":" ","549":"w","550":"-","551":"f","552":"u","553":"l","554":"l","555":" ","556":"h","557":"-","558":"1","559":"6","560":" ","561":"b","562":"g","563":"-","564":"w","565":"h","566":"i","567":"t","568":"e","569":"\\","570":"\"","571":">","572":"\\","573":"n","574":" ","575":" ","576":" ","577":" ","578":" ","579":" ","580":"<","581":"d","582":"i","583":"v","584":"\\","585":"n","586":" ","587":" ","588":" ","589":" ","590":" ","591":" ","592":" ","593":" ","594":"c","595":"l","596":"a","597":"s","598":"s","599":"=","600":"\\","601":"\"","602":"f","603":"l","604":"e","605":"x","606":" ","607":"f","608":"l","609":"e","610":"x","611":"-","612":"n","613":"o","614":"w","615":"r","616":"a","617":"p","618":" ","619":"h","620":"-","621":"f","622":"u","623":"l","624":"l","625":" ","626":"p","627":"x","628":"-","629":"8","630":" ","631":"m","632":"x","633":"-","634":"a","635":"u","636":"t","637":"o","638":" ","639":"b","640":"o","641":"r","642":"d","643":"e","644":"r","645":"-","646":"b","647":" ","648":"b","649":"o","650":"r","651":"d","652":"e","653":"r","654":"-","655":"s","656":"o","657":"l","658":"i","659":"d","660":" ","661":"b","662":"o","663":"r","664":"d","665":"e","666":"r","667":"-","668":"b","669":"r","670":"a","671":"n","672":"d","673":"-","674":"g","675":"r","676":"a","677":"y","678":"-","679":"1","680":"\\","681":"\"","682":"\\","683":"n","684":" ","685":" ","686":" ","687":" ","688":" ","689":" ","690":">","691":"\\","692":"n","693":" ","694":" ","695":" ","696":" ","697":" ","698":" ","699":" ","700":" ","701":"<","702":"a","703":"\\","704":"n","705":" ","706":" ","707":" ","708":" ","709":" ","710":" ","711":" ","712":" ","713":" ","714":" ","715":":","716":"h","717":"r","718":"e","719":"f","720":"=","721":"\\","722":"\"","723":"u","724":"r","725":"l","726":"\\","727":"\"","728":"\\","729":"n","730":" ","731":" ","732":" ","733":" ","734":" ","735":" ","736":" ","737":" ","738":" ","739":" ","740":"c","741":"l","742":"a","743":"s","744":"s","745":"=","746":"\\","747":"\"","748":"f","749":"l","750":"e","751":"x","752":" ","753":"i","754":"t","755":"e","756":"m","757":"s","758":"-","759":"c","760":"e","761":"n","762":"t","763":"e","764":"r","765":" ","766":"h","767":"-","768":"f","769":"u","770":"l","771":"l","772":" ","773":"t","774":"e","775":"x","776":"t","777":"-","778":"x","779":"l","780":"\\","781":"\"","782":"\\","783":"n","784":" ","785":" ","786":" ","787":" ","788":" ","789":" ","790":" ","791":" ","792":" ","793":" ","794":"t","795":"a","796":"r","797":"g","798":"e","799":"t","800":"=","801":"\\","802":"\"","803":"_","804":"b","805":"l","806":"a","807":"n","808":"k","809":"\\","810":"\"","811":"\\","812":"n","813":" ","814":" ","815":" ","816":" ","817":" ","818":" ","819":" ","820":" ","821":" ","822":" ","823":">","824":"{","825":"{","826":" ","827":"c","828":"o","829":"m","830":"p","831":"a","832":"n","833":"y","834":"N","835":"a","836":"m","837":"e","838":" ","839":"}","840":"}","841":"<","842":"/","843":"a","844":"\\","845":"n","846":" ","847":" ","848":" ","849":" ","850":" ","851":" ","852":" ","853":" ","854":">","855":"\\","856":"n","857":" ","858":" ","859":" ","860":" ","861":" ","862":" ","863":" ","864":" ","865":"<","866":"n","867":"a","868":"v","869":" ","870":"c","871":"l","872":"a","873":"s","874":"s","875":"=","876":"\\","877":"\"","878":"h","879":"-","880":"f","881":"u","882":"l","883":"l","884":" ","885":"m","886":"l","887":"-","888":"1","889":"2","890":"\\","891":"\"","892":">","893":"\\","894":"n","895":" ","896":" ","897":" ","898":" ","899":" ","900":" ","901":" ","902":" ","903":" ","904":" ","905":"<","906":"u","907":"l","908":" ","909":"c","910":"l","911":"a","912":"s","913":"s","914":"=","915":"\\","916":"\"","917":"f","918":"l","919":"e","920":"x","921":" ","922":"h","923":"-","924":"f","925":"u","926":"l","927":"l","928":" ","929":"p","930":"-","931":"0","932":" ","933":"m","934":"-","935":"0","936":" ","937":"l","938":"i","939":"s","940":"t","941":"-","942":"n","943":"o","944":"n","945":"e","946":"\\","947":"\"","948":">","949":"\\","950":"n","951":" ","952":" ","953":" ","954":" ","955":" ","956":" ","957":" ","958":" ","959":" ","960":" ","961":" ","962":" ","963":"<","964":"l","965":"i","966":"\\","967":"n","968":" ","969":" ","970":" ","971":" ","972":" ","973":" ","974":" ","975":" ","976":" ","977":" ","978":" ","979":" ","980":" ","981":" ","982":"v","983":"-","984":"f","985":"o","986":"r","987":"=","988":"\\","989":"\"","990":"i","991":"t","992":"e","993":"m","994":" ","995":"i","996":"n","997":" ","998":"n","999":"a","1000":"v","1001":"I","1002":"t","1003":"e","1004":"m","1005":"s","1006":"\\","1007":"\"","1008":"\\","1009":"n","1010":" ","1011":" ","1012":" ","1013":" ","1014":" ","1015":" ","1016":" ","1017":" ","1018":" ","1019":" ","1020":" ","1021":" ","1022":" ","1023":" ","1024":":","1025":"k","1026":"e","1027":"y","1028":"=","1029":"\\","1030":"\"","1031":"i","1032":"t","1033":"e","1034":"m","1035":"\\","1036":"\"","1037":"\\","1038":"n","1039":" ","1040":" ","1041":" ","1042":" ","1043":" ","1044":" ","1045":" ","1046":" ","1047":" ","1048":" ","1049":" ","1050":" ","1051":" ","1052":" ","1053":"c","1054":"l","1055":"a","1056":"s","1057":"s","1058":"=","1059":"\\","1060":"\"","1061":"h","1062":"-","1063":"f","1064":"u","1065":"l","1066":"l","1067":" ","1068":"m","1069":"l","1070":"-","1071":"9","1072":" ","1073":"f","1074":"i","1075":"r","1076":"s","1077":"t","1078":":","1079":"m","1080":"l","1081":"-","1082":"0","1083":"\\","1084":"\"","1085":"\\","1086":"n","1087":" ","1088":" ","1089":" ","1090":" ","1091":" ","1092":" ","1093":" ","1094":" ","1095":" ","1096":" ","1097":" ","1098":" ","1099":" ","1100":" ","1101":"d","1102":"a","1103":"t","1104":"a","1105":"-","1106":"t","1107":"e","1108":"s","1109":"t","1110":"=","1111":"\\","1112":"\"","1113":"i","1114":"t","1115":"e","1116":"m","1117":"s","1118":"\\","1119":"\"","1120":"\\","1121":"n","1122":" ","1123":" ","1124":" ","1125":" ","1126":" ","1127":" ","1128":" ","1129":" ","1130":" ","1131":" ","1132":" ","1133":" ","1134":">","1135":"\\","1136":"n","1137":" ","1138":" ","1139":" ","1140":" ","1141":" ","1142":" ","1143":" ","1144":" ","1145":" ","1146":" ","1147":" ","1148":" ","1149":" ","1150":" ","1151":"<","1152":"a","1153":" ","1154":"h","1155":"r","1156":"e","1157":"f","1158":"=","1159":"\\","1160":"\"","1161":"\\","1162":"\"","1163":" ","1164":"c","1165":"l","1166":"a","1167":"s","1168":"s","1169":"=","1170":"\\","1171":"\"","1172":"f","1173":"l","1174":"e","1175":"x","1176":" ","1177":"i","1178":"t","1179":"e","1180":"m","1181":"s","1182":"-","1183":"c","1184":"e","1185":"n","1186":"t","1187":"e","1188":"r","1189":" ","1190":"h","1191":"-","1192":"f","1193":"u","1194":"l","1195":"l","1196":" ","1197":"p","1198":"y","1199":"-","1200":"3","1201":"\\","1202":"\"","1203":">","1204":"{","1205":"{","1206":" ","1207":"i","1208":"t","1209":"e","1210":"m","1211":" ","1212":"}","1213":"}","1214":"<","1215":"/","1216":"a","1217":">","1218":"\\","1219":"n","1220":" ","1221":" ","1222":" ","1223":" ","1224":" ","1225":" ","1226":" ","1227":" ","1228":" ","1229":" ","1230":" ","1231":" ","1232":"<","1233":"/","1234":"l","1235":"i","1236":">","1237":"\\","1238":"n","1239":" ","1240":" ","1241":" ","1242":" ","1243":" ","1244":" ","1245":" ","1246":" ","1247":" ","1248":" ","1249":"<","1250":"/","1251":"u","1252":"l","1253":">","1254":"\\","1255":"n","1256":" ","1257":" ","1258":" ","1259":" ","1260":" ","1261":" ","1262":" ","1263":" ","1264":"<","1265":"/","1266":"n","1267":"a","1268":"v","1269":">","1270":"\\","1271":"n","1272":" ","1273":" ","1274":" ","1275":" ","1276":" ","1277":" ","1278":"<","1279":"/","1280":"d","1281":"i","1282":"v","1283":">","1284":"\\","1285":"n","1286":" ","1287":" ","1288":" ","1289":" ","1290":"<","1291":"/","1292":"d","1293":"i","1294":"v","1295":">","1296":"\\","1297":"n","1298":" ","1299":" ","1300":"<","1301":"/","1302":"h","1303":"e","1304":"a","1305":"d","1306":"e","1307":"r","1308":">","1309":"\\","1310":"n","1311":"<","1312":"/","1313":"t","1314":"e","1315":"m","1316":"p","1317":"l","1318":"a","1319":"t","1320":"e","1321":">","1322":"\\","1323":"n","1324":"\\","1325":"n","1326":"<","1327":"s","1328":"c","1329":"r","1330":"i","1331":"p","1332":"t","1333":">","1334":"\\","1335":"n","1336":"e","1337":"x","1338":"p","1339":"o","1340":"r","1341":"t","1342":" ","1343":"d","1344":"e","1345":"f","1346":"a","1347":"u","1348":"l","1349":"t","1350":" ","1351":"{","1352":"\\","1353":"n","1354":" ","1355":" ","1356":"n","1357":"a","1358":"m","1359":"e","1360":":","1361":" ","1362":"'","1363":"M","1364":"a","1365":"i","1366":"n","1367":"N","1368":"a","1369":"v","1370":"'","1371":",","1372":"\\","1373":"n","1374":" ","1375":" ","1376":"d","1377":"a","1378":"t","1379":"a","1380":"(","1381":")","1382":" ","1383":"{","1384":"\\","1385":"n","1386":" ","1387":" ","1388":" ","1389":" ","1390":"r","1391":"e","1392":"t","1393":"u","1394":"r","1395":"n","1396":" ","1397":"{","1398":"\\","1399":"n","1400":" ","1401":" ","1402":" ","1403":" ","1404":" ","1405":" ","1406":"c","1407":"o","1408":"m","1409":"p","1410":"a","1411":"n","1412":"y","1413":"N","1414":"a","1415":"m","1416":"e","1417":":","1418":" ","1419":"'","1420":"T","1421":"o","1422":"r","1423":"r","1424":"e","1425":"s","1426":" ","1427":"C","1428":"a","1429":"r","1430":"e","1431":"e","1432":"r","1433":"s","1434":"'","1435":",","1436":"\\","1437":"n","1438":" ","1439":" ","1440":" ","1441":" ","1442":" ","1443":" ","1444":"u","1445":"r","1446":"l","1447":":","1448":" ","1449":"'","1450":"h","1451":"t","1452":"t","1453":"p","1454":"s","1455":":","1456":"/","1457":"/","1458":"c","1459":"a","1460":"r","1461":"e","1462":"e","1463":"r","1464":"s","1465":".","1466":"g","1467":"o","1468":"o","1469":"g","1470":"l","1471":"e","1472":".","1473":"c","1474":"o","1475":"m","1476":"'","1477":",","1478":"\\","1479":"n","1480":" ","1481":" ","1482":" ","1483":" ","1484":" ","1485":" ","1486":"n","1487":"a","1488":"v","1489":"I","1490":"t","1491":"e","1492":"m","1493":"s","1494":":","1495":" ","1496":"[","1497":"\\","1498":"n","1499":" ","1500":" ","1501":" ","1502":" ","1503":" ","1504":" ","1505":" ","1506":" ","1507":"'","1508":"T","1509":"e","1510":"a","1511":"m","1512":"s","1513":"'","1514":",","1515":"\\","1516":"n","1517":" ","1518":" ","1519":" ","1520":" ","1521":" ","1522":" ","1523":" ","1524":" ","1525":"'","1526":"L","1527":"o","1528":"c","1529":"a","1530":"t","1531":"i","1532":"o","1533":"n","1534":"s","1535":"'","1536":",","1537":"\\","1538":"n","1539":" ","1540":" ","1541":" ","1542":" ","1543":" ","1544":" ","1545":" ","1546":" ","1547":"'","1548":"L","1549":"i","1550":"f","1551":"e","1552":" ","1553":"a","1554":"t","1555":" ","1556":"T","1557":"o","1558":"r","1559":"r","1560":"e","1561":"s","1562":" ","1563":"C","1564":"o","1565":"'","1566":",","1567":"\\","1568":"n","1569":" ","1570":" ","1571":" ","1572":" ","1573":" ","1574":" ","1575":" ","1576":" ","1577":"'","1578":"H","1579":"o","1580":"w","1581":" ","1582":"w","1583":"e","1584":" ","1585":"h","1586":"i","1587":"r","1588":"e","1589":"'","1590":",","1591":"\\","1592":"n","1593":" ","1594":" ","1595":" ","1596":" ","1597":" ","1598":" ","1599":" ","1600":" ","1601":"'","1602":"S","1603":"t","1604":"u","1605":"d","1606":"e","1607":"n","1608":"t","1609":"s","1610":"'","1611":",","1612":"\\","1613":"n","1614":" ","1615":" ","1616":" ","1617":" ","1618":" ","1619":" ","1620":" ","1621":" ","1622":"'","1623":"J","1624":"o","1625":"b","1626":"s","1627":"'","1628":",","1629":"\\","1630":"n","1631":" ","1632":" ","1633":" ","1634":" ","1635":" ","1636":" ","1637":"]","1638":",","1639":"\\","1640":"n","1641":" ","1642":" ","1643":" ","1644":" ","1645":"}","1646":";","1647":"\\","1648":"n","1649":" ","1650":" ","1651":"}","1652":",","1653":"\\","1654":"n","1655":"}","1656":";","1657":"\\","1658":"n","1659":"<","1660":"/","1661":"s","1662":"c","1663":"r","1664":"i","1665":"p","1666":"t","1667":">","1668":"\\","1669":"n","1670":"\\","1671":"n","1672":"<","1673":"s","1674":"t","1675":"y","1676":"l","1677":"e","1678":" ","1679":"s","1680":"c","1681":"o","1682":"p","1683":"e","1684":"d","1685":">","1686":"<","1687":"/","1688":"s","1689":"t","1690":"y","1691":"l","1692":"e","1693":">","1694":"\\","1695":"n","1696":"\"","1697":"]","1698":"}"},"_coverageSchema":"1a1c01bbd47fc00a2c39e90264f33305004495a9","hash":"82747b1268c75ef51eff379ec1439408fe7a3a3e"}
}
